<?xml version="1.0" encoding="UTF-8"?>
<testng-results skipped="0" failed="0" total="1" passed="1">
  <reporter-output>
  </reporter-output>
  <suite name="Default suite" duration-ms="1981" started-at="2022-08-18T11:58:44Z" finished-at="2022-08-18T11:58:46Z">
    <groups>
    </groups>
    <test name="Default test" duration-ms="1981" started-at="2022-08-18T11:58:44Z" finished-at="2022-08-18T11:58:46Z">
      <class name="JsonFromExternalFile">
        <test-method status="PASS" signature="addBook()[pri:0, instance:JsonFromExternalFile@f0f2775]" name="addBook" duration-ms="1971" started-at="2022-08-18T17:28:44Z" finished-at="2022-08-18T17:28:46Z">
          <reporter-output>
          </reporter-output>
        </test-method> <!-- addBook -->
      </class> <!-- JsonFromExternalFile -->
    </test> <!-- Default test -->
  </suite> <!-- Default suite -->
</testng-results>
